Arguments: 
  /Users/hanwei/.nvm/versions/node/v12.16.3/bin/node /Users/hanwei/.nvm/versions/node/v12.16.3/bin/yarn install

PATH: 
  /Users/hanwei/.rvm/gems/ruby-2.7.0-preview1/bin:/Users/hanwei/.rvm/gems/ruby-2.7.0-preview1@global/bin:/Users/hanwei/.rvm/rubies/ruby-2.7.0-preview1/bin:/Users/hanwei/anaconda3/bin:/Users/hanwei/anaconda3/condabin:/Users/hanwei/.nvm/versions/node/v12.16.3/bin:/usr/local/bin:/usr/bin:/bin:/usr/sbin:/sbin:/Applications/Wireshark.app/Contents/MacOS:/Users/hanwei/.rvm/bin

Yarn version: 
  1.22.4

Node version: 
  12.16.3

Platform: 
  darwin x64

Trace: 
  Error: https://registry.npm.taobao.org/react: ESOCKETTIMEDOUT
      at ClientRequest.<anonymous> (/Users/hanwei/.nvm/versions/node/v12.16.3/lib/node_modules/yarn/lib/cli.js:141375:19)
      at Object.onceWrapper (events.js:416:28)
      at ClientRequest.emit (events.js:310:20)
      at TLSSocket.emitRequestTimeout (_http_client.js:709:9)
      at Object.onceWrapper (events.js:416:28)
      at TLSSocket.emit (events.js:322:22)
      at TLSSocket.Socket._onTimeout (net.js:479:8)
      at listOnTimeout (internal/timers.js:549:17)
      at processTimers (internal/timers.js:492:7)

npm manifest: 
  {
    "name": "tutorial",
    "version": "1.0.0",
    "description": "",
    "main": "index.js",
    "scripts": {
      "start": "webpack-dev-server --inline --content-base ."
    },
    "author": "",
    "license": "ISC",
    "dependencies": {
      "react": "^0.14.7",
      "react-dom": "^0.14.7",
      "react-router": "^2.0.0"
    },
    "devDependencies": {
      "babel-core": "^6.5.1",
      "babel-loader": "^6.2.2",
      "babel-preset-es2015": "^6.5.0",
      "babel-preset-react": "^6.5.0",
      "http-server": "^0.8.5",
      "webpack": "^1.12.13",
      "webpack-dev-server": "^1.14.1"
    }
  }

yarn manifest: 
  No manifest

Lockfile: 
  No lockfile
